have_library: checking for fdatasync() in -lrt... -------------------- no

"/usr/bin/gcc-4.0 -o conftest -I. -I/opt/local/lib/ruby/1.8/i686-darwin9 -I. -I/opt/local/include -D_XOPEN_SOURCE -D_DARWIN_C_SOURCE  -I/opt/local/include -O2 -arch i386  -fno-common -pipe -fno-common   conftest.c  -L. -L/opt/local/lib -L/opt/local/lib -L. -L/opt/local/lib -arch i386  -arch i386   -lruby-static -lrt  -lpthread -ldl -lobjc  "
conftest.c: In function ‘t’:
conftest.c:3: error: ‘fdatasync’ undeclared (first use in this function)
conftest.c:3: error: (Each undeclared identifier is reported only once
conftest.c:3: error: for each function it appears in.)
checked program was:
/* begin */
1: /*top*/
2: int main() { return 0; }
3: int t() { void ((*volatile p)()); p = (void ((*)()))fdatasync; return 0; }
/* end */

"/usr/bin/gcc-4.0 -o conftest -I. -I/opt/local/lib/ruby/1.8/i686-darwin9 -I. -I/opt/local/include -D_XOPEN_SOURCE -D_DARWIN_C_SOURCE  -I/opt/local/include -O2 -arch i386  -fno-common -pipe -fno-common   conftest.c  -L. -L/opt/local/lib -L/opt/local/lib -L. -L/opt/local/lib -arch i386  -arch i386   -lruby-static -lrt  -lpthread -ldl -lobjc  "
ld: library not found for -lrt
collect2: ld returned 1 exit status
checked program was:
/* begin */
1: /*top*/
2: int main() { return 0; }
3: int t() { fdatasync(); return 0; }
/* end */

"/usr/bin/gcc-4.0 -o conftest -I. -I/opt/local/lib/ruby/1.8/i686-darwin9 -I. -I/opt/local/include -D_XOPEN_SOURCE -D_DARWIN_C_SOURCE  -I/opt/local/include -O2 -arch i386  -fno-common -pipe -fno-common   conftest.c  -L. -L/opt/local/lib -L/opt/local/lib -L. -L/opt/local/lib -arch i386  -arch i386   -lruby-static -lrt  -lpthread -ldl -lobjc  "
ld: library not found for -lrt
collect2: ld returned 1 exit status
checked program was:
/* begin */
1: int fdatasync();
2: /*top*/
3: /*
4:  * http://trac.macports.org/ticket/3604
5:  * gcc 4.0 on 10.4 has a problem
6:  */
7: int main() { return 0; }
8: int t() { fdatasync(); return 0; }
/* end */

--------------------

have_header: checking for sqlite3.h... -------------------- yes

"/usr/bin/gcc-4.0 -E -I. -I/opt/local/lib/ruby/1.8/i686-darwin9 -I. -I/opt/local/include -D_XOPEN_SOURCE -D_DARWIN_C_SOURCE  -I/opt/local/include -O2 -arch i386  -fno-common -pipe -fno-common    conftest.c -o conftest.i"
checked program was:
/* begin */
1: #include <sqlite3.h>
/* end */

--------------------

have_library: checking for sqlite3_open() in -lsqlite3... -------------------- yes

"/usr/bin/gcc-4.0 -o conftest -I. -I/opt/local/lib/ruby/1.8/i686-darwin9 -I. -I/opt/local/include -D_XOPEN_SOURCE -D_DARWIN_C_SOURCE  -I/opt/local/include -O2 -arch i386  -fno-common -pipe -fno-common   conftest.c  -L. -L/opt/local/lib -L/opt/local/lib -L. -L/opt/local/lib -arch i386  -arch i386   -lruby-static -lsqlite3  -lpthread -ldl -lobjc  "
conftest.c: In function ‘t’:
conftest.c:3: error: ‘sqlite3_open’ undeclared (first use in this function)
conftest.c:3: error: (Each undeclared identifier is reported only once
conftest.c:3: error: for each function it appears in.)
checked program was:
/* begin */
1: /*top*/
2: int main() { return 0; }
3: int t() { void ((*volatile p)()); p = (void ((*)()))sqlite3_open; return 0; }
/* end */

"/usr/bin/gcc-4.0 -o conftest -I. -I/opt/local/lib/ruby/1.8/i686-darwin9 -I. -I/opt/local/include -D_XOPEN_SOURCE -D_DARWIN_C_SOURCE  -I/opt/local/include -O2 -arch i386  -fno-common -pipe -fno-common   conftest.c  -L. -L/opt/local/lib -L/opt/local/lib -L. -L/opt/local/lib -arch i386  -arch i386   -lruby-static -lsqlite3  -lpthread -ldl -lobjc  "
checked program was:
/* begin */
1: /*top*/
2: int main() { return 0; }
3: int t() { sqlite3_open(); return 0; }
/* end */

--------------------

